<?xml version="1.0" encoding="UTF-8"?>
<testng-results skipped="0" failed="0" ignored="0" total="1" passed="1">
  <reporter-output>
  </reporter-output>
  <suite name="Default suite" duration-ms="10298" started-at="2021-01-23T17:10:05Z" finished-at="2021-01-23T17:10:15Z">
    <groups>
    </groups>
    <test name="Default test" duration-ms="10298" started-at="2021-01-23T17:10:05Z" finished-at="2021-01-23T17:10:15Z">
      <class name="AddPlace_API">
        <test-method status="PASS" signature="apiTest()[pri:0, instance:AddPlace_API@13a5fe33]" name="apiTest" duration-ms="10248" started-at="2021-01-23T22:40:05Z" finished-at="2021-01-23T22:40:15Z">
          <reporter-output>
          </reporter-output>
        </test-method> <!-- apiTest -->
      </class> <!-- AddPlace_API -->
    </test> <!-- Default test -->
  </suite> <!-- Default suite -->
</testng-results>
